<?xml version="1.0" encoding="UTF-8"?>
<!-- Generated by org.testng.reporters.JUnitReportReporter -->
<testsuite skipped="4" hostname="DESKTOP-10URQEE" name="com.test.testcates.AutomationCheckTest" tests="5" failures="0" timestamp="04 Apr 2019 05:25:19 GMT" time="7.738" errors="1">
  <testcase name="setup" time="7.738" classname="com.test.testcates.AutomationCheckTest">
    <error type="java.lang.NumberFormatException" message="null">
      <![CDATA[java.lang.NumberFormatException: null
at java.lang.Integer.parseInt(Integer.java:542)
at java.lang.Integer.parseInt(Integer.java:615)
at com.test.base.BaseTestClass.setup(BaseTestClass.java:117)
at sun.reflect.NativeMethodAccessorImpl.invoke0(Native Method)
at sun.reflect.NativeMethodAccessorImpl.invoke(NativeMethodAccessorImpl.java:62)
at sun.reflect.DelegatingMethodAccessorImpl.invoke(DelegatingMethodAccessorImpl.java:43)
at java.lang.reflect.Method.invoke(Method.java:498)
at org.testng.internal.MethodInvocationHelper.invokeMethod(MethodInvocationHelper.java:124)
at org.testng.internal.MethodInvocationHelper.invokeMethodConsideringTimeout(MethodInvocationHelper.java:59)
at org.testng.internal.Invoker.invokeConfigurationMethod(Invoker.java:458)
at org.testng.internal.Invoker.invokeConfigurations(Invoker.java:222)
at org.testng.internal.Invoker.invokeConfigurations(Invoker.java:142)
at org.testng.SuiteRunner.privateRun(SuiteRunner.java:401)
at org.testng.SuiteRunner.run(SuiteRunner.java:364)
at org.testng.SuiteRunnerWorker.runSuite(SuiteRunnerWorker.java:52)
at org.testng.SuiteRunnerWorker.run(SuiteRunnerWorker.java:84)
at org.testng.TestNG.runSuitesSequentially(TestNG.java:1208)
at org.testng.TestNG.runSuitesLocally(TestNG.java:1137)
at org.testng.TestNG.runSuites(TestNG.java:1049)
at org.testng.TestNG.run(TestNG.java:1017)
at org.testng.remote.AbstractRemoteTestNG.run(AbstractRemoteTestNG.java:115)
at org.testng.remote.RemoteTestNG.initAndRun(RemoteTestNG.java:251)
at org.testng.remote.RemoteTestNG.main(RemoteTestNG.java:77)
]]>
    </error>
  </testcase> <!-- setup -->
  <testcase name="automationCheckTest" time="0.000" classname="com.test.testcates.AutomationCheckTest">
    <skipped/>
  </testcase> <!-- automationCheckTest -->
  <testcase name="automationCheckTest" time="0.000" classname="com.test.testcates.AutomationCheckTest">
    <skipped/>
  </testcase> <!-- automationCheckTest -->
  <testcase name="automationCheckTest" time="0.000" classname="com.test.testcates.AutomationCheckTest">
    <skipped/>
  </testcase> <!-- automationCheckTest -->
  <testcase name="automationCheckTest" time="0.000" classname="com.test.testcates.AutomationCheckTest">
    <skipped/>
  </testcase> <!-- automationCheckTest -->
</testsuite> <!-- com.test.testcates.AutomationCheckTest -->
