<html>
<head>
<title>TestNG:  Add Customer Login Test</title>
<link href="../testng.css" rel="stylesheet" type="text/css" />
<link href="../my-testng.css" rel="stylesheet" type="text/css" />

<style type="text/css">
.log { display: none;} 
.stack-trace { display: none;} 
</style>
<script type="text/javascript">
<!--
function flip(e) {
  current = e.style.display;
  if (current == 'block') {
    e.style.display = 'none';
    return 0;
  }
  else {
    e.style.display = 'block';
    return 1;
  }
}

function toggleBox(szDivId, elem, msg1, msg2)
{
  var res = -1;  if (document.getElementById) {
    res = flip(document.getElementById(szDivId));
  }
  else if (document.all) {
    // this is the way old msie versions work
    res = flip(document.all[szDivId]);
  }
  if(elem) {
    if(res == 0) elem.innerHTML = msg1; else elem.innerHTML = msg2;
  }

}

function toggleAllBoxes() {
  if (document.getElementsByTagName) {
    d = document.getElementsByTagName('div');
    for (i = 0; i < d.length; i++) {
      if (d[i].className == 'log') {
        flip(d[i]);
      }
    }
  }
}

// -->
</script>

</head>
<body>
<h2 align='center'>Add Customer Login Test</h2><table border='1' align="center">
<tr>
<td>Tests passed/Failed/Skipped:</td><td>0/4/0</td>
</tr><tr>
<td>Started on:</td><td>Thu Mar 21 09:46:26 IST 2019</td>
</tr>
<tr><td>Total time:</td><td>31 seconds (31984 ms)</td>
</tr><tr>
<td>Included groups:</td><td></td>
</tr><tr>
<td>Excluded groups:</td><td></td>
</tr>
</table><p/>
<small><i>(Hover the method name to see the test class name)</i></small><p/>
<table width='100%' border='1' class='invocation-failed'>
<tr><td colspan='4' align='center'><b>FAILED TESTS</b></td></tr>
<tr><td><b>Test method</b></td>
<td width="30%"><b>Exception</b></td>
<td width="10%"><b>Time (seconds)</b></td>
<td><b>Instance</b></td>
</tr>
<tr>
<td title='com.w2a.testcases.AddCustomerTest.addCustomer()'><b>addCustomer</b><br>Test class: com.w2a.testcases.AddCustomerTest<br>Parameters: Rohit, Sardana, 147852.0, Customer added successfully<br/>
<a href="#Output-1068945248" onClick='toggleBox("Output-1068945248", this, "Show output", "Hide output");'>Show output</a>

<a href="#Output-1068945248" onClick="toggleAllBoxes();">Show all outputs</a>
<div class='log' id="Output-1068945248">
Capturing Screenshot !!!<br/>
<a target="_blank" href=Thu_Mar_21_09_46_34_IST_2019.jpg>Screenshot</a><br/>
<br><br/>
<a target="_blank" href=Thu_Mar_21_09_46_34_IST_2019.jpg><img src=Thu_Mar_21_09_46_34_IST_2019.jpg height=150 width=100></img></a><br/>
</div>
</td>
<td><div><pre>java.lang.AssertionError: Add Customer failed
	at com.w2a.testcases.AddCustomerTest.addCustomer(AddCustomerTest.java:52)
... Removed 26 stack frames</pre></div><a href='#' onClick='toggleBox("stack-trace1068945248", this, "Click to show all stack frames", "Click to hide stack frames")'>Click to show all stack frames</a>
<div class='stack-trace' id='stack-trace1068945248'><pre>java.lang.AssertionError: Add Customer failed
	at org.testng.Assert.fail(Assert.java:96)
	at com.w2a.testcases.AddCustomerTest.addCustomer(AddCustomerTest.java:52)
	at sun.reflect.NativeMethodAccessorImpl.invoke0(Native Method)
	at sun.reflect.NativeMethodAccessorImpl.invoke(Unknown Source)
	at sun.reflect.DelegatingMethodAccessorImpl.invoke(Unknown Source)
	at java.lang.reflect.Method.invoke(Unknown Source)
	at org.testng.internal.MethodInvocationHelper.invokeMethod(MethodInvocationHelper.java:124)
	at org.testng.internal.Invoker.invokeMethod(Invoker.java:583)
	at org.testng.internal.Invoker.invokeTestMethod(Invoker.java:719)
	at org.testng.internal.Invoker.invokeTestMethods(Invoker.java:989)
	at org.testng.internal.TestMethodWorker.invokeTestMethods(TestMethodWorker.java:125)
	at org.testng.internal.TestMethodWorker.run(TestMethodWorker.java:109)
	at org.testng.TestRunner.privateRun(TestRunner.java:648)
	at org.testng.TestRunner.run(TestRunner.java:505)
	at org.testng.SuiteRunner.runTest(SuiteRunner.java:455)
	at org.testng.SuiteRunner.runSequentially(SuiteRunner.java:450)
	at org.testng.SuiteRunner.privateRun(SuiteRunner.java:415)
	at org.testng.SuiteRunner.run(SuiteRunner.java:364)
	at org.testng.SuiteRunnerWorker.runSuite(SuiteRunnerWorker.java:52)
	at org.testng.SuiteRunnerWorker.run(SuiteRunnerWorker.java:84)
	at org.testng.TestNG.runSuitesSequentially(TestNG.java:1208)
	at org.testng.TestNG.runSuitesLocally(TestNG.java:1137)
	at org.testng.TestNG.runSuites(TestNG.java:1049)
	at org.testng.TestNG.run(TestNG.java:1017)
	at org.testng.remote.AbstractRemoteTestNG.run(AbstractRemoteTestNG.java:115)
	at org.testng.remote.RemoteTestNG.initAndRun(RemoteTestNG.java:251)
	at org.testng.remote.RemoteTestNG.main(RemoteTestNG.java:77)
</pre></div></td>
<td>7</td>
<td>com.w2a.testcases.AddCustomerTest@15bbf42f</td></tr>
<tr>
<td title='com.w2a.testcases.AddCustomerTest.addCustomer()'><b>addCustomer</b><br>Test class: com.w2a.testcases.AddCustomerTest<br>Parameters: Mohan, Arora, 798632.0, Customer added successfully<br/>
<a href="#Output-882646447" onClick='toggleBox("Output-882646447", this, "Show output", "Hide output");'>Show output</a>

<a href="#Output-882646447" onClick="toggleAllBoxes();">Show all outputs</a>
<div class='log' id="Output-882646447">
Capturing Screenshot !!!<br/>
<a target="_blank" href=Thu_Mar_21_09_46_42_IST_2019.jpg>Screenshot</a><br/>
<br><br/>
<a target="_blank" href=Thu_Mar_21_09_46_42_IST_2019.jpg><img src=Thu_Mar_21_09_46_42_IST_2019.jpg height=150 width=100></img></a><br/>
</div>
</td>
<td><div><pre>java.lang.AssertionError: Add Customer failed
	at com.w2a.testcases.AddCustomerTest.addCustomer(AddCustomerTest.java:52)
... Removed 26 stack frames</pre></div><a href='#' onClick='toggleBox("stack-trace882646447", this, "Click to show all stack frames", "Click to hide stack frames")'>Click to show all stack frames</a>
<div class='stack-trace' id='stack-trace882646447'><pre>java.lang.AssertionError: Add Customer failed
	at org.testng.Assert.fail(Assert.java:96)
	at com.w2a.testcases.AddCustomerTest.addCustomer(AddCustomerTest.java:52)
	at sun.reflect.NativeMethodAccessorImpl.invoke0(Native Method)
	at sun.reflect.NativeMethodAccessorImpl.invoke(Unknown Source)
	at sun.reflect.DelegatingMethodAccessorImpl.invoke(Unknown Source)
	at java.lang.reflect.Method.invoke(Unknown Source)
	at org.testng.internal.MethodInvocationHelper.invokeMethod(MethodInvocationHelper.java:124)
	at org.testng.internal.Invoker.invokeMethod(Invoker.java:583)
	at org.testng.internal.Invoker.invokeTestMethod(Invoker.java:719)
	at org.testng.internal.Invoker.invokeTestMethods(Invoker.java:989)
	at org.testng.internal.TestMethodWorker.invokeTestMethods(TestMethodWorker.java:125)
	at org.testng.internal.TestMethodWorker.run(TestMethodWorker.java:109)
	at org.testng.TestRunner.privateRun(TestRunner.java:648)
	at org.testng.TestRunner.run(TestRunner.java:505)
	at org.testng.SuiteRunner.runTest(SuiteRunner.java:455)
	at org.testng.SuiteRunner.runSequentially(SuiteRunner.java:450)
	at org.testng.SuiteRunner.privateRun(SuiteRunner.java:415)
	at org.testng.SuiteRunner.run(SuiteRunner.java:364)
	at org.testng.SuiteRunnerWorker.runSuite(SuiteRunnerWorker.java:52)
	at org.testng.SuiteRunnerWorker.run(SuiteRunnerWorker.java:84)
	at org.testng.TestNG.runSuitesSequentially(TestNG.java:1208)
	at org.testng.TestNG.runSuitesLocally(TestNG.java:1137)
	at org.testng.TestNG.runSuites(TestNG.java:1049)
	at org.testng.TestNG.run(TestNG.java:1017)
	at org.testng.remote.AbstractRemoteTestNG.run(AbstractRemoteTestNG.java:115)
	at org.testng.remote.RemoteTestNG.initAndRun(RemoteTestNG.java:251)
	at org.testng.remote.RemoteTestNG.main(RemoteTestNG.java:77)
</pre></div></td>
<td>7</td>
<td>com.w2a.testcases.AddCustomerTest@15bbf42f</td></tr>
<tr>
<td title='com.w2a.testcases.AddCustomerTest.addCustomer()'><b>addCustomer</b><br>Test class: com.w2a.testcases.AddCustomerTest<br>Parameters: Anjali, Khurana, 654128.0, Customer added successfully<br/>
<a href="#Output-79290250" onClick='toggleBox("Output-79290250", this, "Show output", "Hide output");'>Show output</a>

<a href="#Output-79290250" onClick="toggleAllBoxes();">Show all outputs</a>
<div class='log' id="Output-79290250">
Capturing Screenshot !!!<br/>
<a target="_blank" href=Thu_Mar_21_09_46_50_IST_2019.jpg>Screenshot</a><br/>
<br><br/>
<a target="_blank" href=Thu_Mar_21_09_46_50_IST_2019.jpg><img src=Thu_Mar_21_09_46_50_IST_2019.jpg height=150 width=100></img></a><br/>
</div>
</td>
<td><div><pre>java.lang.AssertionError: Add Customer failed
	at com.w2a.testcases.AddCustomerTest.addCustomer(AddCustomerTest.java:52)
... Removed 26 stack frames</pre></div><a href='#' onClick='toggleBox("stack-trace79290250", this, "Click to show all stack frames", "Click to hide stack frames")'>Click to show all stack frames</a>
<div class='stack-trace' id='stack-trace79290250'><pre>java.lang.AssertionError: Add Customer failed
	at org.testng.Assert.fail(Assert.java:96)
	at com.w2a.testcases.AddCustomerTest.addCustomer(AddCustomerTest.java:52)
	at sun.reflect.NativeMethodAccessorImpl.invoke0(Native Method)
	at sun.reflect.NativeMethodAccessorImpl.invoke(Unknown Source)
	at sun.reflect.DelegatingMethodAccessorImpl.invoke(Unknown Source)
	at java.lang.reflect.Method.invoke(Unknown Source)
	at org.testng.internal.MethodInvocationHelper.invokeMethod(MethodInvocationHelper.java:124)
	at org.testng.internal.Invoker.invokeMethod(Invoker.java:583)
	at org.testng.internal.Invoker.invokeTestMethod(Invoker.java:719)
	at org.testng.internal.Invoker.invokeTestMethods(Invoker.java:989)
	at org.testng.internal.TestMethodWorker.invokeTestMethods(TestMethodWorker.java:125)
	at org.testng.internal.TestMethodWorker.run(TestMethodWorker.java:109)
	at org.testng.TestRunner.privateRun(TestRunner.java:648)
	at org.testng.TestRunner.run(TestRunner.java:505)
	at org.testng.SuiteRunner.runTest(SuiteRunner.java:455)
	at org.testng.SuiteRunner.runSequentially(SuiteRunner.java:450)
	at org.testng.SuiteRunner.privateRun(SuiteRunner.java:415)
	at org.testng.SuiteRunner.run(SuiteRunner.java:364)
	at org.testng.SuiteRunnerWorker.runSuite(SuiteRunnerWorker.java:52)
	at org.testng.SuiteRunnerWorker.run(SuiteRunnerWorker.java:84)
	at org.testng.TestNG.runSuitesSequentially(TestNG.java:1208)
	at org.testng.TestNG.runSuitesLocally(TestNG.java:1137)
	at org.testng.TestNG.runSuites(TestNG.java:1049)
	at org.testng.TestNG.run(TestNG.java:1017)
	at org.testng.remote.AbstractRemoteTestNG.run(AbstractRemoteTestNG.java:115)
	at org.testng.remote.RemoteTestNG.initAndRun(RemoteTestNG.java:251)
	at org.testng.remote.RemoteTestNG.main(RemoteTestNG.java:77)
</pre></div></td>
<td>7</td>
<td>com.w2a.testcases.AddCustomerTest@15bbf42f</td></tr>
<tr>
<td title='com.w2a.testcases.AddCustomerTest.addCustomer()'><b>addCustomer</b><br>Test class: com.w2a.testcases.AddCustomerTest<br>Parameters: Rakesh, Mishra, 761349.0, Customer added successfully<br/>
<a href="#Output-179294202" onClick='toggleBox("Output-179294202", this, "Show output", "Hide output");'>Show output</a>

<a href="#Output-179294202" onClick="toggleAllBoxes();">Show all outputs</a>
<div class='log' id="Output-179294202">
Capturing Screenshot !!!<br/>
<a target="_blank" href=Thu_Mar_21_09_46_58_IST_2019.jpg>Screenshot</a><br/>
<br><br/>
<a target="_blank" href=Thu_Mar_21_09_46_58_IST_2019.jpg><img src=Thu_Mar_21_09_46_58_IST_2019.jpg height=150 width=100></img></a><br/>
</div>
</td>
<td><div><pre>java.lang.AssertionError: Add Customer failed
	at com.w2a.testcases.AddCustomerTest.addCustomer(AddCustomerTest.java:52)
... Removed 26 stack frames</pre></div><a href='#' onClick='toggleBox("stack-trace179294202", this, "Click to show all stack frames", "Click to hide stack frames")'>Click to show all stack frames</a>
<div class='stack-trace' id='stack-trace179294202'><pre>java.lang.AssertionError: Add Customer failed
	at org.testng.Assert.fail(Assert.java:96)
	at com.w2a.testcases.AddCustomerTest.addCustomer(AddCustomerTest.java:52)
	at sun.reflect.NativeMethodAccessorImpl.invoke0(Native Method)
	at sun.reflect.NativeMethodAccessorImpl.invoke(Unknown Source)
	at sun.reflect.DelegatingMethodAccessorImpl.invoke(Unknown Source)
	at java.lang.reflect.Method.invoke(Unknown Source)
	at org.testng.internal.MethodInvocationHelper.invokeMethod(MethodInvocationHelper.java:124)
	at org.testng.internal.Invoker.invokeMethod(Invoker.java:583)
	at org.testng.internal.Invoker.invokeTestMethod(Invoker.java:719)
	at org.testng.internal.Invoker.invokeTestMethods(Invoker.java:989)
	at org.testng.internal.TestMethodWorker.invokeTestMethods(TestMethodWorker.java:125)
	at org.testng.internal.TestMethodWorker.run(TestMethodWorker.java:109)
	at org.testng.TestRunner.privateRun(TestRunner.java:648)
	at org.testng.TestRunner.run(TestRunner.java:505)
	at org.testng.SuiteRunner.runTest(SuiteRunner.java:455)
	at org.testng.SuiteRunner.runSequentially(SuiteRunner.java:450)
	at org.testng.SuiteRunner.privateRun(SuiteRunner.java:415)
	at org.testng.SuiteRunner.run(SuiteRunner.java:364)
	at org.testng.SuiteRunnerWorker.runSuite(SuiteRunnerWorker.java:52)
	at org.testng.SuiteRunnerWorker.run(SuiteRunnerWorker.java:84)
	at org.testng.TestNG.runSuitesSequentially(TestNG.java:1208)
	at org.testng.TestNG.runSuitesLocally(TestNG.java:1137)
	at org.testng.TestNG.runSuites(TestNG.java:1049)
	at org.testng.TestNG.run(TestNG.java:1017)
	at org.testng.remote.AbstractRemoteTestNG.run(AbstractRemoteTestNG.java:115)
	at org.testng.remote.RemoteTestNG.initAndRun(RemoteTestNG.java:251)
	at org.testng.remote.RemoteTestNG.main(RemoteTestNG.java:77)
</pre></div></td>
<td>7</td>
<td>com.w2a.testcases.AddCustomerTest@15bbf42f</td></tr>
</table><p>
</body>
</html>