<?xml version="1.0" encoding="UTF-8"?>
<!-- Generated by org.testng.reporters.JUnitXMLReporter -->
<testsuite hostname="DESKTOP-10URQEE" ignored="0" name="Bank Manager Login Test" tests="1" failures="1" timestamp="21 Mar 2019 04:16:26 GMT" time="3.041" errors="0">
  <testcase name="loginAsBankManager" time="2.578" classname="com.w2a.testcases.BankManagerLoginTest">
    <failure type="java.lang.AssertionError" message="Test not successful">
      <![CDATA[java.lang.AssertionError: Test not successful
at com.w2a.testcases.BankManagerLoginTest.loginAsBankManager(BankManagerLoginTest.java:23)
... Removed 26 stack frames]]>
    </failure>
  </testcase> <!-- loginAsBankManager -->
</testsuite> <!-- Bank Manager Login Test -->
