<?xml version="1.0" encoding="UTF-8"?>
<!-- Generated by org.testng.reporters.JUnitXMLReporter -->
<testsuite hostname="DESKTOP-10URQEE" ignored="0" name="Open Account Test" tests="3" failures="3" timestamp="13 Apr 2019 05:21:40 GMT" time="76.811" errors="0">
  <testcase name="openAccountTest" time="14.803" classname="com.w2a.suite.bankmanager.test.OpenAccountTest">
    <failure type="java.lang.AssertionError" message="Failing when clicking on an element: process_CSS">
      <![CDATA[java.lang.AssertionError: Failing when clicking on an element: process_CSS
at com.w2a.datadriven.basepackage.TestBaseClass.reportFail(TestBaseClass.java:245)
at com.w2a.datadriven.basepackage.TestBaseClass.click(TestBaseClass.java:262)
at com.w2a.suite.bankmanager.test.OpenAccountTest.openAccountTest(OpenAccountTest.java:40)
at java.util.concurrent.FutureTask.run(FutureTask.java:266)
at java.util.concurrent.Executors$RunnableAdapter.call(Executors.java:511)
at java.util.concurrent.FutureTask.run(FutureTask.java:266)
at java.util.concurrent.ThreadPoolExecutor.runWorker(ThreadPoolExecutor.java:1149)
at java.util.concurrent.ThreadPoolExecutor$Worker.run(ThreadPoolExecutor.java:624)
at java.lang.Thread.run(Thread.java:748)
... Removed 10 stack frames]]>
    </failure>
  </testcase> <!-- openAccountTest -->
  <testcase name="openAccountTest" time="49.63" classname="com.w2a.suite.bankmanager.test.OpenAccountTest">
    <failure type="java.lang.AssertionError" message="Failing when clicking on an element: process_CSS">
      <![CDATA[java.lang.AssertionError: Failing when clicking on an element: process_CSS
at com.w2a.datadriven.basepackage.TestBaseClass.reportFail(TestBaseClass.java:245)
at com.w2a.datadriven.basepackage.TestBaseClass.click(TestBaseClass.java:262)
at com.w2a.suite.bankmanager.test.OpenAccountTest.openAccountTest(OpenAccountTest.java:40)
at java.util.concurrent.FutureTask.run(FutureTask.java:266)
at java.util.concurrent.Executors$RunnableAdapter.call(Executors.java:511)
at java.util.concurrent.FutureTask.run(FutureTask.java:266)
at java.util.concurrent.ThreadPoolExecutor.runWorker(ThreadPoolExecutor.java:1149)
at java.util.concurrent.ThreadPoolExecutor$Worker.run(ThreadPoolExecutor.java:624)
at java.lang.Thread.run(Thread.java:748)
... Removed 10 stack frames]]>
    </failure>
  </testcase> <!-- openAccountTest -->
  <testcase name="openAccountTest" time="73.613" classname="com.w2a.suite.bankmanager.test.OpenAccountTest">
    <failure type="java.lang.AssertionError" message="Failing when clicking on an element: process_CSS">
      <![CDATA[java.lang.AssertionError: Failing when clicking on an element: process_CSS
at com.w2a.datadriven.basepackage.TestBaseClass.reportFail(TestBaseClass.java:245)
at com.w2a.datadriven.basepackage.TestBaseClass.click(TestBaseClass.java:262)
at com.w2a.suite.bankmanager.test.OpenAccountTest.openAccountTest(OpenAccountTest.java:40)
at java.util.concurrent.FutureTask.run(FutureTask.java:266)
at java.util.concurrent.Executors$RunnableAdapter.call(Executors.java:511)
at java.util.concurrent.FutureTask.run(FutureTask.java:266)
at java.util.concurrent.ThreadPoolExecutor.runWorker(ThreadPoolExecutor.java:1149)
at java.util.concurrent.ThreadPoolExecutor$Worker.run(ThreadPoolExecutor.java:624)
at java.lang.Thread.run(Thread.java:748)
... Removed 10 stack frames]]>
    </failure>
  </testcase> <!-- openAccountTest -->
</testsuite> <!-- Open Account Test -->
