<?xml version="1.0" encoding="UTF-8"?>
<!-- Generated by org.testng.reporters.JUnitReportReporter -->
<testsuite skipped="0" hostname="DESKTOP-10URQEE" name="com.w2a.suite.bankmanager.test.OpenAccountTest" tests="3" failures="3" timestamp="13 Apr 2019 05:21:40 GMT" time="142.915" errors="0">
  <testcase name="openAccountTest" time="75.399" classname="com.w2a.suite.bankmanager.test.OpenAccountTest">
    <failure type="java.lang.AssertionError" message="Failing when clicking on an element: process_CSS">
      <![CDATA[java.lang.AssertionError: Failing when clicking on an element: process_CSS
at org.testng.Assert.fail(Assert.java:96)
at com.w2a.datadriven.basepackage.TestBaseClass.reportFail(TestBaseClass.java:245)
at com.w2a.datadriven.basepackage.TestBaseClass.click(TestBaseClass.java:262)
at com.w2a.suite.bankmanager.test.OpenAccountTest.openAccountTest(OpenAccountTest.java:40)
at sun.reflect.NativeMethodAccessorImpl.invoke0(Native Method)
at sun.reflect.NativeMethodAccessorImpl.invoke(NativeMethodAccessorImpl.java:62)
at sun.reflect.DelegatingMethodAccessorImpl.invoke(DelegatingMethodAccessorImpl.java:43)
at java.lang.reflect.Method.invoke(Method.java:498)
at org.testng.internal.MethodInvocationHelper.invokeMethod(MethodInvocationHelper.java:124)
at org.testng.internal.Invoker.invokeMethod(Invoker.java:583)
at org.testng.internal.Invoker.invokeTestMethod(Invoker.java:719)
at org.testng.internal.TestMethodWithDataProviderMethodWorker.call(TestMethodWithDataProviderMethodWorker.java:71)
at org.testng.internal.TestMethodWithDataProviderMethodWorker.call(TestMethodWithDataProviderMethodWorker.java:14)
at java.util.concurrent.FutureTask.run(FutureTask.java:266)
at java.util.concurrent.Executors$RunnableAdapter.call(Executors.java:511)
at java.util.concurrent.FutureTask.run(FutureTask.java:266)
at java.util.concurrent.ThreadPoolExecutor.runWorker(ThreadPoolExecutor.java:1149)
at java.util.concurrent.ThreadPoolExecutor$Worker.run(ThreadPoolExecutor.java:624)
at java.lang.Thread.run(Thread.java:748)
]]>
    </failure>
  </testcase> <!-- openAccountTest -->
  <testcase name="openAccountTest" time="17.043" classname="com.w2a.suite.bankmanager.test.OpenAccountTest">
    <failure type="java.lang.AssertionError" message="Failing when clicking on an element: process_CSS">
      <![CDATA[java.lang.AssertionError: Failing when clicking on an element: process_CSS
at org.testng.Assert.fail(Assert.java:96)
at com.w2a.datadriven.basepackage.TestBaseClass.reportFail(TestBaseClass.java:245)
at com.w2a.datadriven.basepackage.TestBaseClass.click(TestBaseClass.java:262)
at com.w2a.suite.bankmanager.test.OpenAccountTest.openAccountTest(OpenAccountTest.java:40)
at sun.reflect.NativeMethodAccessorImpl.invoke0(Native Method)
at sun.reflect.NativeMethodAccessorImpl.invoke(NativeMethodAccessorImpl.java:62)
at sun.reflect.DelegatingMethodAccessorImpl.invoke(DelegatingMethodAccessorImpl.java:43)
at java.lang.reflect.Method.invoke(Method.java:498)
at org.testng.internal.MethodInvocationHelper.invokeMethod(MethodInvocationHelper.java:124)
at org.testng.internal.Invoker.invokeMethod(Invoker.java:583)
at org.testng.internal.Invoker.invokeTestMethod(Invoker.java:719)
at org.testng.internal.TestMethodWithDataProviderMethodWorker.call(TestMethodWithDataProviderMethodWorker.java:71)
at org.testng.internal.TestMethodWithDataProviderMethodWorker.call(TestMethodWithDataProviderMethodWorker.java:14)
at java.util.concurrent.FutureTask.run(FutureTask.java:266)
at java.util.concurrent.Executors$RunnableAdapter.call(Executors.java:511)
at java.util.concurrent.FutureTask.run(FutureTask.java:266)
at java.util.concurrent.ThreadPoolExecutor.runWorker(ThreadPoolExecutor.java:1149)
at java.util.concurrent.ThreadPoolExecutor$Worker.run(ThreadPoolExecutor.java:624)
at java.lang.Thread.run(Thread.java:748)
]]>
    </failure>
  </testcase> <!-- openAccountTest -->
  <testcase name="openAccountTest" time="50.473" classname="com.w2a.suite.bankmanager.test.OpenAccountTest">
    <failure type="java.lang.AssertionError" message="Failing when clicking on an element: process_CSS">
      <![CDATA[java.lang.AssertionError: Failing when clicking on an element: process_CSS
at org.testng.Assert.fail(Assert.java:96)
at com.w2a.datadriven.basepackage.TestBaseClass.reportFail(TestBaseClass.java:245)
at com.w2a.datadriven.basepackage.TestBaseClass.click(TestBaseClass.java:262)
at com.w2a.suite.bankmanager.test.OpenAccountTest.openAccountTest(OpenAccountTest.java:40)
at sun.reflect.NativeMethodAccessorImpl.invoke0(Native Method)
at sun.reflect.NativeMethodAccessorImpl.invoke(NativeMethodAccessorImpl.java:62)
at sun.reflect.DelegatingMethodAccessorImpl.invoke(DelegatingMethodAccessorImpl.java:43)
at java.lang.reflect.Method.invoke(Method.java:498)
at org.testng.internal.MethodInvocationHelper.invokeMethod(MethodInvocationHelper.java:124)
at org.testng.internal.Invoker.invokeMethod(Invoker.java:583)
at org.testng.internal.Invoker.invokeTestMethod(Invoker.java:719)
at org.testng.internal.TestMethodWithDataProviderMethodWorker.call(TestMethodWithDataProviderMethodWorker.java:71)
at org.testng.internal.TestMethodWithDataProviderMethodWorker.call(TestMethodWithDataProviderMethodWorker.java:14)
at java.util.concurrent.FutureTask.run(FutureTask.java:266)
at java.util.concurrent.Executors$RunnableAdapter.call(Executors.java:511)
at java.util.concurrent.FutureTask.run(FutureTask.java:266)
at java.util.concurrent.ThreadPoolExecutor.runWorker(ThreadPoolExecutor.java:1149)
at java.util.concurrent.ThreadPoolExecutor$Worker.run(ThreadPoolExecutor.java:624)
at java.lang.Thread.run(Thread.java:748)
]]>
    </failure>
  </testcase> <!-- openAccountTest -->
</testsuite> <!-- com.w2a.suite.bankmanager.test.OpenAccountTest -->
