<!DOCTYPE html PUBLIC "-//W3C//DTD XHTML 1.1//EN" "http://www.w3.org/TR/xhtml11/DTD/xhtml11.dtd">
<html xmlns="http://www.w3.org/1999/xhtml">
<head>
<meta http-equiv="content-type" content="text/html; charset=UTF-8"/>
<title>TestNG Report</title>
<style type="text/css">table {margin-bottom:10px;border-collapse:collapse;empty-cells:show}th,td {border:1px solid #009;padding:.25em .5em}th {vertical-align:bottom}td {vertical-align:top}table a {font-weight:bold}.stripe td {background-color: #E6EBF9}.num {text-align:right}.passedodd td {background-color: #3F3}.passedeven td {background-color: #0A0}.skippedodd td {background-color: #DDD}.skippedeven td {background-color: #CCC}.failedodd td,.attn {background-color: #F33}.failedeven td,.stripe .attn {background-color: #D00}.stacktrace {white-space:pre;font-family:monospace}.totop {font-size:85%;text-align:center;border-bottom:2px solid #000}.invisible {display:none}</style>
</head>
<body>
<table>
<tr><th>Test</th><th># Passed</th><th># Skipped</th><th># Failed</th><th>Time (ms)</th><th>Included Groups</th><th>Excluded Groups</th></tr>
<tr><th colspan="7">Bank Manager Test Suite</th></tr>
<tr><td><a href="#t0">Add Customer Test</a></td><td class="num">3</td><td class="num">0</td><td class="num">0</td><td class="num">33,946</td><td></td><td></td></tr>
<tr class="stripe"><td><a href="#t1">Open Account Test</a></td><td class="num">0</td><td class="num">0</td><td class="num attn">3</td><td class="num">76,811</td><td></td><td></td></tr>
<tr><th>Total</th><th class="num">3</th><th class="num">0</th><th class="num attn">3</th><th class="num">110,757</th><th colspan="2"></th></tr>
</table>
<table id='summary'><thead><tr><th>Class</th><th>Method</th><th>Start</th><th>Time (ms)</th></tr></thead><tbody><tr><th colspan="4">Bank Manager Test Suite</th></tr></tbody><tbody id="t0"><tr><th colspan="4">Add Customer Test &#8212; passed</th></tr><tr class="passedeven"><td rowspan="3">com.w2a.suite.bankmanager.test.AddCustomerTest</td><td><a href="#m0">addCustomerTest</a></td><td rowspan="3">1555132824334</td><td rowspan="3">32792</td></tr><tr class="passedeven"><td><a href="#m1">addCustomerTest</a></td></tr><tr class="passedeven"><td><a href="#m2">addCustomerTest</a></td></tr></tbody>
<tbody id="t1"><tr><th colspan="4">Open Account Test &#8212; failed</th></tr><tr class="failedeven"><td rowspan="3">com.w2a.suite.bankmanager.test.OpenAccountTest</td><td><a href="#m3">openAccountTest</a></td><td rowspan="3">1555132824334</td><td rowspan="3">73613</td></tr><tr class="failedeven"><td><a href="#m4">openAccountTest</a></td></tr><tr class="failedeven"><td><a href="#m5">openAccountTest</a></td></tr></tbody>
</table>
<h2>Add Customer Test</h2><h3 id="m0">com.w2a.suite.bankmanager.test.AddCustomerTest#addCustomerTest</h3><table class="result"><tr class="param"><th>Parameter #1</th></tr><tr class="param stripe"><td>{browser=chrome, postcode=A14792, Runmode=Y, lastname=Hanks, firstname=Tom}</td></tr></table><p class="totop"><a href="#summary">back to summary</a></p>
<h3 id="m1">com.w2a.suite.bankmanager.test.AddCustomerTest#addCustomerTest</h3><table class="result"><tr class="param"><th>Parameter #1</th></tr><tr class="param stripe"><td>{browser=firefox, postcode=237941.0, Runmode=Y, lastname=Malhotra, firstname=Manish}</td></tr></table><p class="totop"><a href="#summary">back to summary</a></p>
<h3 id="m2">com.w2a.suite.bankmanager.test.AddCustomerTest#addCustomerTest</h3><table class="result"><tr class="param"><th>Parameter #1</th></tr><tr class="param stripe"><td>{browser=chrome, postcode=147896.0, Runmode=Y, lastname=Pandey, firstname=Rohan}</td></tr></table><p class="totop"><a href="#summary">back to summary</a></p>
<h2>Open Account Test</h2><h3 id="m3">com.w2a.suite.bankmanager.test.OpenAccountTest#openAccountTest</h3><table class="result"><tr class="param"><th>Parameter #1</th></tr><tr class="param stripe"><td>{currency=Rupee, browser=firefox, Runmode=Y, customer=Ron Weasly}</td></tr><tr><th>Exception</th></tr><tr><td><div class="stacktrace">java.lang.AssertionError: Failing when clicking on an element: process_CSS
	at com.w2a.datadriven.basepackage.TestBaseClass.reportFail(TestBaseClass.java:245)
	at com.w2a.datadriven.basepackage.TestBaseClass.click(TestBaseClass.java:262)
	at com.w2a.suite.bankmanager.test.OpenAccountTest.openAccountTest(OpenAccountTest.java:40)
	at java.util.concurrent.FutureTask.run(FutureTask.java:266)
	at java.util.concurrent.Executors$RunnableAdapter.call(Executors.java:511)
	at java.util.concurrent.FutureTask.run(FutureTask.java:266)
	at java.util.concurrent.ThreadPoolExecutor.runWorker(ThreadPoolExecutor.java:1149)
	at java.util.concurrent.ThreadPoolExecutor$Worker.run(ThreadPoolExecutor.java:624)
	at java.lang.Thread.run(Thread.java:748)
... Removed 10 stack frames</div></td></tr></table><p class="totop"><a href="#summary">back to summary</a></p>
<h3 id="m4">com.w2a.suite.bankmanager.test.OpenAccountTest#openAccountTest</h3><table class="result"><tr class="param"><th>Parameter #1</th></tr><tr class="param stripe"><td>{currency=Pound, browser=chrome, Runmode=Y, customer=Harry Potter}</td></tr><tr><th>Exception</th></tr><tr><td><div class="stacktrace">java.lang.AssertionError: Failing when clicking on an element: process_CSS
	at com.w2a.datadriven.basepackage.TestBaseClass.reportFail(TestBaseClass.java:245)
	at com.w2a.datadriven.basepackage.TestBaseClass.click(TestBaseClass.java:262)
	at com.w2a.suite.bankmanager.test.OpenAccountTest.openAccountTest(OpenAccountTest.java:40)
	at java.util.concurrent.FutureTask.run(FutureTask.java:266)
	at java.util.concurrent.Executors$RunnableAdapter.call(Executors.java:511)
	at java.util.concurrent.FutureTask.run(FutureTask.java:266)
	at java.util.concurrent.ThreadPoolExecutor.runWorker(ThreadPoolExecutor.java:1149)
	at java.util.concurrent.ThreadPoolExecutor$Worker.run(ThreadPoolExecutor.java:624)
	at java.lang.Thread.run(Thread.java:748)
... Removed 10 stack frames</div></td></tr></table><p class="totop"><a href="#summary">back to summary</a></p>
<h3 id="m5">com.w2a.suite.bankmanager.test.OpenAccountTest#openAccountTest</h3><table class="result"><tr class="param"><th>Parameter #1</th></tr><tr class="param stripe"><td>{currency=Dollar, browser=firefox, Runmode=Y, customer=Hermoine Granger}</td></tr><tr><th>Exception</th></tr><tr><td><div class="stacktrace">java.lang.AssertionError: Failing when clicking on an element: process_CSS
	at com.w2a.datadriven.basepackage.TestBaseClass.reportFail(TestBaseClass.java:245)
	at com.w2a.datadriven.basepackage.TestBaseClass.click(TestBaseClass.java:262)
	at com.w2a.suite.bankmanager.test.OpenAccountTest.openAccountTest(OpenAccountTest.java:40)
	at java.util.concurrent.FutureTask.run(FutureTask.java:266)
	at java.util.concurrent.Executors$RunnableAdapter.call(Executors.java:511)
	at java.util.concurrent.FutureTask.run(FutureTask.java:266)
	at java.util.concurrent.ThreadPoolExecutor.runWorker(ThreadPoolExecutor.java:1149)
	at java.util.concurrent.ThreadPoolExecutor$Worker.run(ThreadPoolExecutor.java:624)
	at java.lang.Thread.run(Thread.java:748)
... Removed 10 stack frames</div></td></tr></table><p class="totop"><a href="#summary">back to summary</a></p>
</body>
</html>
