<?xml version="1.0" encoding="UTF-8"?>
<testng-results skipped="0" failed="3" ignored="0" total="6" passed="3">
  <reporter-output>
  </reporter-output>
  <suite name="Bank Manager Test Suite" duration-ms="76811" started-at="2019-04-13T05:20:23Z" finished-at="2019-04-13T05:21:40Z">
    <groups>
    </groups>
    <test name="Add Customer Test" duration-ms="33946" started-at="2019-04-13T05:20:23Z" finished-at="2019-04-13T05:20:57Z">
      <class name="com.w2a.suite.bankmanager.test.AddCustomerTest">
        <test-method status="PASS" signature="addCustomerTest(java.util.Hashtable)[pri:1, instance:com.w2a.suite.bankmanager.test.AddCustomerTest@69a10787]" name="addCustomerTest" duration-ms="32792" started-at="2019-04-13T05:20:24Z" data-provider="bankManagerDP" finished-at="2019-04-13T05:20:57Z">
          <params>
            <param index="0">
              <value>
                <![CDATA[{browser=chrome, postcode=A14792, Runmode=Y, lastname=Hanks, firstname=Tom}]]>
              </value>
            </param>
          </params>
          <reporter-output>
          </reporter-output>
        </test-method> <!-- addCustomerTest -->
        <test-method status="PASS" signature="addCustomerTest(java.util.Hashtable)[pri:1, instance:com.w2a.suite.bankmanager.test.AddCustomerTest@69a10787]" name="addCustomerTest" duration-ms="24221" started-at="2019-04-13T05:20:24Z" data-provider="bankManagerDP" finished-at="2019-04-13T05:20:48Z">
          <params>
            <param index="0">
              <value>
                <![CDATA[{browser=firefox, postcode=237941.0, Runmode=Y, lastname=Malhotra, firstname=Manish}]]>
              </value>
            </param>
          </params>
          <reporter-output>
          </reporter-output>
        </test-method> <!-- addCustomerTest -->
        <test-method status="PASS" signature="addCustomerTest(java.util.Hashtable)[pri:1, instance:com.w2a.suite.bankmanager.test.AddCustomerTest@69a10787]" name="addCustomerTest" duration-ms="24413" started-at="2019-04-13T05:20:24Z" data-provider="bankManagerDP" finished-at="2019-04-13T05:20:48Z">
          <params>
            <param index="0">
              <value>
                <![CDATA[{browser=chrome, postcode=147896.0, Runmode=Y, lastname=Pandey, firstname=Rohan}]]>
              </value>
            </param>
          </params>
          <reporter-output>
          </reporter-output>
        </test-method> <!-- addCustomerTest -->
        <test-method status="PASS" signature="tearDown()[pri:0, instance:com.w2a.suite.bankmanager.test.AddCustomerTest@69a10787]" name="tearDown" is-config="true" duration-ms="4260" started-at="2019-04-13T05:20:48Z" finished-at="2019-04-13T05:20:52Z">
          <reporter-output>
          </reporter-output>
        </test-method> <!-- tearDown -->
        <test-method status="PASS" signature="tearDown()[pri:0, instance:com.w2a.suite.bankmanager.test.AddCustomerTest@69a10787]" name="tearDown" is-config="true" duration-ms="269" started-at="2019-04-13T05:20:48Z" finished-at="2019-04-13T05:20:49Z">
          <reporter-output>
          </reporter-output>
        </test-method> <!-- tearDown -->
        <test-method status="PASS" signature="tearDown()[pri:0, instance:com.w2a.suite.bankmanager.test.AddCustomerTest@69a10787]" name="tearDown" is-config="true" duration-ms="192" started-at="2019-04-13T05:20:57Z" finished-at="2019-04-13T05:20:57Z">
          <reporter-output>
          </reporter-output>
        </test-method> <!-- tearDown -->
      </class> <!-- com.w2a.suite.bankmanager.test.AddCustomerTest -->
    </test> <!-- Add Customer Test -->
    <test name="Open Account Test" duration-ms="76811" started-at="2019-04-13T05:20:23Z" finished-at="2019-04-13T05:21:40Z">
      <class name="com.w2a.suite.bankmanager.test.OpenAccountTest">
        <test-method status="FAIL" signature="openAccountTest(java.util.Hashtable)[pri:2, instance:com.w2a.suite.bankmanager.test.OpenAccountTest@16267862]" name="openAccountTest" duration-ms="73613" started-at="2019-04-13T05:20:24Z" data-provider="bankManagerDP" finished-at="2019-04-13T05:21:37Z">
          <params>
            <param index="0">
              <value>
                <![CDATA[{currency=Rupee, browser=firefox, Runmode=Y, customer=Ron Weasly}]]>
              </value>
            </param>
          </params>
          <exception class="java.lang.AssertionError">
            <message>
              <![CDATA[Failing when clicking on an element: process_CSS]]>
            </message>
            <full-stacktrace>
              <![CDATA[java.lang.AssertionError: Failing when clicking on an element: process_CSS
at org.testng.Assert.fail(Assert.java:96)
at com.w2a.datadriven.basepackage.TestBaseClass.reportFail(TestBaseClass.java:245)
at com.w2a.datadriven.basepackage.TestBaseClass.click(TestBaseClass.java:262)
at com.w2a.suite.bankmanager.test.OpenAccountTest.openAccountTest(OpenAccountTest.java:40)
at sun.reflect.NativeMethodAccessorImpl.invoke0(Native Method)
at sun.reflect.NativeMethodAccessorImpl.invoke(NativeMethodAccessorImpl.java:62)
at sun.reflect.DelegatingMethodAccessorImpl.invoke(DelegatingMethodAccessorImpl.java:43)
at java.lang.reflect.Method.invoke(Method.java:498)
at org.testng.internal.MethodInvocationHelper.invokeMethod(MethodInvocationHelper.java:124)
at org.testng.internal.Invoker.invokeMethod(Invoker.java:583)
at org.testng.internal.Invoker.invokeTestMethod(Invoker.java:719)
at org.testng.internal.TestMethodWithDataProviderMethodWorker.call(TestMethodWithDataProviderMethodWorker.java:71)
at org.testng.internal.TestMethodWithDataProviderMethodWorker.call(TestMethodWithDataProviderMethodWorker.java:14)
at java.util.concurrent.FutureTask.run(FutureTask.java:266)
at java.util.concurrent.Executors$RunnableAdapter.call(Executors.java:511)
at java.util.concurrent.FutureTask.run(FutureTask.java:266)
at java.util.concurrent.ThreadPoolExecutor.runWorker(ThreadPoolExecutor.java:1149)
at java.util.concurrent.ThreadPoolExecutor$Worker.run(ThreadPoolExecutor.java:624)
at java.lang.Thread.run(Thread.java:748)
]]>
            </full-stacktrace>
          </exception> <!-- java.lang.AssertionError -->
          <reporter-output>
          </reporter-output>
        </test-method> <!-- openAccountTest -->
        <test-method status="FAIL" signature="openAccountTest(java.util.Hashtable)[pri:2, instance:com.w2a.suite.bankmanager.test.OpenAccountTest@16267862]" name="openAccountTest" duration-ms="14803" started-at="2019-04-13T05:20:24Z" data-provider="bankManagerDP" finished-at="2019-04-13T05:20:39Z">
          <params>
            <param index="0">
              <value>
                <![CDATA[{currency=Pound, browser=chrome, Runmode=Y, customer=Harry Potter}]]>
              </value>
            </param>
          </params>
          <exception class="java.lang.AssertionError">
            <message>
              <![CDATA[Failing when clicking on an element: process_CSS]]>
            </message>
            <full-stacktrace>
              <![CDATA[java.lang.AssertionError: Failing when clicking on an element: process_CSS
at org.testng.Assert.fail(Assert.java:96)
at com.w2a.datadriven.basepackage.TestBaseClass.reportFail(TestBaseClass.java:245)
at com.w2a.datadriven.basepackage.TestBaseClass.click(TestBaseClass.java:262)
at com.w2a.suite.bankmanager.test.OpenAccountTest.openAccountTest(OpenAccountTest.java:40)
at sun.reflect.NativeMethodAccessorImpl.invoke0(Native Method)
at sun.reflect.NativeMethodAccessorImpl.invoke(NativeMethodAccessorImpl.java:62)
at sun.reflect.DelegatingMethodAccessorImpl.invoke(DelegatingMethodAccessorImpl.java:43)
at java.lang.reflect.Method.invoke(Method.java:498)
at org.testng.internal.MethodInvocationHelper.invokeMethod(MethodInvocationHelper.java:124)
at org.testng.internal.Invoker.invokeMethod(Invoker.java:583)
at org.testng.internal.Invoker.invokeTestMethod(Invoker.java:719)
at org.testng.internal.TestMethodWithDataProviderMethodWorker.call(TestMethodWithDataProviderMethodWorker.java:71)
at org.testng.internal.TestMethodWithDataProviderMethodWorker.call(TestMethodWithDataProviderMethodWorker.java:14)
at java.util.concurrent.FutureTask.run(FutureTask.java:266)
at java.util.concurrent.Executors$RunnableAdapter.call(Executors.java:511)
at java.util.concurrent.FutureTask.run(FutureTask.java:266)
at java.util.concurrent.ThreadPoolExecutor.runWorker(ThreadPoolExecutor.java:1149)
at java.util.concurrent.ThreadPoolExecutor$Worker.run(ThreadPoolExecutor.java:624)
at java.lang.Thread.run(Thread.java:748)
]]>
            </full-stacktrace>
          </exception> <!-- java.lang.AssertionError -->
          <reporter-output>
          </reporter-output>
        </test-method> <!-- openAccountTest -->
        <test-method status="FAIL" signature="openAccountTest(java.util.Hashtable)[pri:2, instance:com.w2a.suite.bankmanager.test.OpenAccountTest@16267862]" name="openAccountTest" duration-ms="49630" started-at="2019-04-13T05:20:24Z" data-provider="bankManagerDP" finished-at="2019-04-13T05:21:13Z">
          <params>
            <param index="0">
              <value>
                <![CDATA[{currency=Dollar, browser=firefox, Runmode=Y, customer=Hermoine Granger}]]>
              </value>
            </param>
          </params>
          <exception class="java.lang.AssertionError">
            <message>
              <![CDATA[Failing when clicking on an element: process_CSS]]>
            </message>
            <full-stacktrace>
              <![CDATA[java.lang.AssertionError: Failing when clicking on an element: process_CSS
at org.testng.Assert.fail(Assert.java:96)
at com.w2a.datadriven.basepackage.TestBaseClass.reportFail(TestBaseClass.java:245)
at com.w2a.datadriven.basepackage.TestBaseClass.click(TestBaseClass.java:262)
at com.w2a.suite.bankmanager.test.OpenAccountTest.openAccountTest(OpenAccountTest.java:40)
at sun.reflect.NativeMethodAccessorImpl.invoke0(Native Method)
at sun.reflect.NativeMethodAccessorImpl.invoke(NativeMethodAccessorImpl.java:62)
at sun.reflect.DelegatingMethodAccessorImpl.invoke(DelegatingMethodAccessorImpl.java:43)
at java.lang.reflect.Method.invoke(Method.java:498)
at org.testng.internal.MethodInvocationHelper.invokeMethod(MethodInvocationHelper.java:124)
at org.testng.internal.Invoker.invokeMethod(Invoker.java:583)
at org.testng.internal.Invoker.invokeTestMethod(Invoker.java:719)
at org.testng.internal.TestMethodWithDataProviderMethodWorker.call(TestMethodWithDataProviderMethodWorker.java:71)
at org.testng.internal.TestMethodWithDataProviderMethodWorker.call(TestMethodWithDataProviderMethodWorker.java:14)
at java.util.concurrent.FutureTask.run(FutureTask.java:266)
at java.util.concurrent.Executors$RunnableAdapter.call(Executors.java:511)
at java.util.concurrent.FutureTask.run(FutureTask.java:266)
at java.util.concurrent.ThreadPoolExecutor.runWorker(ThreadPoolExecutor.java:1149)
at java.util.concurrent.ThreadPoolExecutor$Worker.run(ThreadPoolExecutor.java:624)
at java.lang.Thread.run(Thread.java:748)
]]>
            </full-stacktrace>
          </exception> <!-- java.lang.AssertionError -->
          <reporter-output>
          </reporter-output>
        </test-method> <!-- openAccountTest -->
        <test-method status="PASS" signature="tearDown()[pri:0, instance:com.w2a.suite.bankmanager.test.OpenAccountTest@16267862]" name="tearDown" is-config="true" duration-ms="843" started-at="2019-04-13T05:20:39Z" finished-at="2019-04-13T05:20:39Z">
          <reporter-output>
          </reporter-output>
        </test-method> <!-- tearDown -->
        <test-method status="PASS" signature="tearDown()[pri:0, instance:com.w2a.suite.bankmanager.test.OpenAccountTest@16267862]" name="tearDown" is-config="true" duration-ms="1786" started-at="2019-04-13T05:21:13Z" finished-at="2019-04-13T05:21:15Z">
          <reporter-output>
          </reporter-output>
        </test-method> <!-- tearDown -->
        <test-method status="PASS" signature="tearDown()[pri:0, instance:com.w2a.suite.bankmanager.test.OpenAccountTest@16267862]" name="tearDown" is-config="true" duration-ms="2240" started-at="2019-04-13T05:21:37Z" finished-at="2019-04-13T05:21:40Z">
          <reporter-output>
          </reporter-output>
        </test-method> <!-- tearDown -->
      </class> <!-- com.w2a.suite.bankmanager.test.OpenAccountTest -->
    </test> <!-- Open Account Test -->
  </suite> <!-- Bank Manager Test Suite -->
</testng-results>
