<?xml version="1.0" encoding="UTF-8"?>
<testng-results skipped="0" failed="1" ignored="0" total="2" passed="1">
  <reporter-output>
    <line>
      <![CDATA[Click to see Screenshot]]>
    </line>
    <line>
      <![CDATA[<a target="_blank" href=Sat_Apr_20_11_18_22_IST_2019.jpg>Screenshot</a>]]>
    </line>
    <line>
      <![CDATA[<br>]]>
    </line>
    <line>
      <![CDATA[<br>]]>
    </line>
    <line>
      <![CDATA[<a target="_blank" href=Sat_Apr_20_11_18_22_IST_2019.jpg><img src=Sat_Apr_20_11_18_22_IST_2019.jpg height=200 width=200></img></a>]]>
    </line>
  </reporter-output>
  <suite name="Zoho CRM Test Suite" duration-ms="39389" started-at="2019-04-20T05:48:11Z" finished-at="2019-04-20T05:48:51Z">
    <groups>
    </groups>
    <test name="Zoho CRM Login Test" duration-ms="11591" started-at="2019-04-20T05:48:11Z" finished-at="2019-04-20T05:48:23Z">
      <class name="com.w2a.testcases.LoginTest">
        <test-method status="FAIL" signature="loginTest(java.util.Hashtable)[pri:1, instance:com.w2a.testcases.LoginTest@abf688e]" name="loginTest" duration-ms="10428" started-at="2019-04-20T05:48:11Z" data-provider="dp" finished-at="2019-04-20T05:48:22Z">
          <params>
            <param index="0">
              <value>
                <![CDATA[{password=Rocksubh@007, runmode=Y, username=subhamukh007@yahoo.in}]]>
              </value>
            </param>
          </params>
          <exception class="java.lang.AssertionError">
            <message>
              <![CDATA[Just a dummy failure!]]>
            </message>
            <full-stacktrace>
              <![CDATA[java.lang.AssertionError: Just a dummy failure!
at org.testng.Assert.fail(Assert.java:96)
at com.w2a.testcases.LoginTest.loginTest(LoginTest.java:23)
at sun.reflect.NativeMethodAccessorImpl.invoke0(Native Method)
at sun.reflect.NativeMethodAccessorImpl.invoke(NativeMethodAccessorImpl.java:62)
at sun.reflect.DelegatingMethodAccessorImpl.invoke(DelegatingMethodAccessorImpl.java:43)
at java.lang.reflect.Method.invoke(Method.java:498)
at org.testng.internal.MethodInvocationHelper.invokeMethod(MethodInvocationHelper.java:124)
at org.testng.internal.Invoker.invokeMethod(Invoker.java:583)
at org.testng.internal.Invoker.invokeTestMethod(Invoker.java:719)
at org.testng.internal.Invoker.invokeTestMethods(Invoker.java:989)
at org.testng.internal.TestMethodWorker.invokeTestMethods(TestMethodWorker.java:125)
at org.testng.internal.TestMethodWorker.run(TestMethodWorker.java:109)
at org.testng.TestRunner.privateRun(TestRunner.java:648)
at org.testng.TestRunner.run(TestRunner.java:505)
at org.testng.SuiteRunner.runTest(SuiteRunner.java:455)
at org.testng.SuiteRunner.runSequentially(SuiteRunner.java:450)
at org.testng.SuiteRunner.privateRun(SuiteRunner.java:415)
at org.testng.SuiteRunner.run(SuiteRunner.java:364)
at org.testng.SuiteRunnerWorker.runSuite(SuiteRunnerWorker.java:52)
at org.testng.SuiteRunnerWorker.run(SuiteRunnerWorker.java:84)
at org.testng.TestNG.runSuitesSequentially(TestNG.java:1208)
at org.testng.TestNG.runSuitesLocally(TestNG.java:1137)
at org.testng.TestNG.runSuites(TestNG.java:1049)
at org.testng.TestNG.run(TestNG.java:1017)
at org.testng.remote.AbstractRemoteTestNG.run(AbstractRemoteTestNG.java:115)
at org.testng.remote.RemoteTestNG.initAndRun(RemoteTestNG.java:251)
at org.testng.remote.RemoteTestNG.main(RemoteTestNG.java:77)
]]>
            </full-stacktrace>
          </exception> <!-- java.lang.AssertionError -->
          <reporter-output>
            <line>
              <![CDATA[Click to see Screenshot]]>
            </line>
            <line>
              <![CDATA[<a target="_blank" href=Sat_Apr_20_11_18_22_IST_2019.jpg>Screenshot</a>]]>
            </line>
            <line>
              <![CDATA[<br>]]>
            </line>
            <line>
              <![CDATA[<br>]]>
            </line>
            <line>
              <![CDATA[<a target="_blank" href=Sat_Apr_20_11_18_22_IST_2019.jpg><img src=Sat_Apr_20_11_18_22_IST_2019.jpg height=200 width=200></img></a>]]>
            </line>
          </reporter-output>
        </test-method> <!-- loginTest -->
      </class> <!-- com.w2a.testcases.LoginTest -->
    </test> <!-- Zoho CRM Login Test -->
    <test name="Zoho CRM Create Account Test" duration-ms="27541" started-at="2019-04-20T05:48:23Z" finished-at="2019-04-20T05:48:51Z">
      <class name="com.w2a.testcases.CreateAccountTest">
        <test-method status="PASS" signature="createAccountTest(java.util.Hashtable)[pri:2, instance:com.w2a.testcases.CreateAccountTest@2313052e]" name="createAccountTest" duration-ms="27445" started-at="2019-04-20T05:48:23Z" data-provider="dp" finished-at="2019-04-20T05:48:51Z">
          <params>
            <param index="0">
              <value>
                <![CDATA[{accountname=ABCD_TEST}]]>
              </value>
            </param>
          </params>
          <reporter-output>
          </reporter-output>
        </test-method> <!-- createAccountTest -->
        <test-method status="PASS" signature="tearDown()[pri:0, instance:com.w2a.testcases.CreateAccountTest@2313052e]" name="tearDown" is-config="true" duration-ms="1593" started-at="2019-04-20T05:48:51Z" finished-at="2019-04-20T05:48:52Z">
          <reporter-output>
          </reporter-output>
        </test-method> <!-- tearDown -->
      </class> <!-- com.w2a.testcases.CreateAccountTest -->
    </test> <!-- Zoho CRM Create Account Test -->
  </suite> <!-- Zoho CRM Test Suite -->
</testng-results>
