<!DOCTYPE html PUBLIC "-//W3C//DTD XHTML 1.1//EN" "http://www.w3.org/TR/xhtml11/DTD/xhtml11.dtd">
<html xmlns="http://www.w3.org/1999/xhtml">
<head>
<meta http-equiv="content-type" content="text/html; charset=UTF-8"/>
<title>TestNG Report</title>
<style type="text/css">table {margin-bottom:10px;border-collapse:collapse;empty-cells:show}th,td {border:1px solid #009;padding:.25em .5em}th {vertical-align:bottom}td {vertical-align:top}table a {font-weight:bold}.stripe td {background-color: #E6EBF9}.num {text-align:right}.passedodd td {background-color: #3F3}.passedeven td {background-color: #0A0}.skippedodd td {background-color: #DDD}.skippedeven td {background-color: #CCC}.failedodd td,.attn {background-color: #F33}.failedeven td,.stripe .attn {background-color: #D00}.stacktrace {white-space:pre;font-family:monospace}.totop {font-size:85%;text-align:center;border-bottom:2px solid #000}.invisible {display:none}</style>
</head>
<body>
<table>
<tr><th>Test</th><th># Passed</th><th># Skipped</th><th># Failed</th><th>Time (ms)</th><th>Included Groups</th><th>Excluded Groups</th></tr>
<tr><th colspan="7">Data Driven Example</th></tr>
<tr><td><a href="#t0">Bank Manager Login Test</a></td><td class="num">0</td><td class="num">0</td><td class="num attn">1</td><td class="num">3,041</td><td></td><td></td></tr>
<tr class="stripe"><td><a href="#t1">Add Customer Login Test</a></td><td class="num">0</td><td class="num">0</td><td class="num attn">4</td><td class="num">31,984</td><td></td><td></td></tr>
<tr><th>Total</th><th class="num">0</th><th class="num">0</th><th class="num attn">5</th><th class="num">35,025</th><th colspan="2"></th></tr>
</table>
<table id='summary'><thead><tr><th>Class</th><th>Method</th><th>Start</th><th>Time (ms)</th></tr></thead><tbody><tr><th colspan="4">Data Driven Example</th></tr></tbody><tbody id="t0"><tr><th colspan="4">Bank Manager Login Test &#8212; failed</th></tr><tr class="failedeven"><td rowspan="1">com.w2a.testcases.BankManagerLoginTest</td><td><a href="#m0">loginAsBankManager</a></td><td rowspan="1">1553141782992</td><td rowspan="1">2578</td></tr></tbody>
<tbody id="t1"><tr><th colspan="4">Add Customer Login Test &#8212; failed</th></tr><tr class="failedeven"><td rowspan="4">com.w2a.testcases.AddCustomerTest</td><td><a href="#m1">addCustomer</a></td><td rowspan="4">1553141794192</td><td rowspan="4">7600</td></tr><tr class="failedeven"><td><a href="#m2">addCustomer</a></td></tr><tr class="failedeven"><td><a href="#m3">addCustomer</a></td></tr><tr class="failedeven"><td><a href="#m4">addCustomer</a></td></tr></tbody>
</table>
<h2>Bank Manager Login Test</h2><h3 id="m0">com.w2a.testcases.BankManagerLoginTest#loginAsBankManager</h3><table class="result"><tr><th>Messages</th></tr><tr><td><div class="messages">Capturing Screenshot !!!<br/><a target="_blank" href=Thu_Mar_21_09_46_25_IST_2019.jpg>Screenshot</a><br/><br><br/><a target="_blank" href=Thu_Mar_21_09_46_25_IST_2019.jpg><img src=Thu_Mar_21_09_46_25_IST_2019.jpg height=150 width=100></img></a></div></td></tr><tr><th>Exception</th></tr><tr><td><div class="stacktrace">java.lang.AssertionError: Test not successful
	at com.w2a.testcases.BankManagerLoginTest.loginAsBankManager(BankManagerLoginTest.java:23)
... Removed 26 stack frames</div></td></tr></table><p class="totop"><a href="#summary">back to summary</a></p>
<h2>Add Customer Login Test</h2><h3 id="m1">com.w2a.testcases.AddCustomerTest#addCustomer</h3><table class="result"><tr class="param"><th>Parameter #1</th><th>Parameter #2</th><th>Parameter #3</th><th>Parameter #4</th></tr><tr class="param stripe"><td>Mohan</td><td>Arora</td><td>798632.0</td><td>Customer added successfully</td></tr><tr><th colspan="4">Messages</th></tr><tr><td colspan="4"><div class="messages">Capturing Screenshot !!!<br/><a target="_blank" href=Thu_Mar_21_09_46_42_IST_2019.jpg>Screenshot</a><br/><br><br/><a target="_blank" href=Thu_Mar_21_09_46_42_IST_2019.jpg><img src=Thu_Mar_21_09_46_42_IST_2019.jpg height=150 width=100></img></a></div></td></tr><tr><th colspan="4">Exception</th></tr><tr><td colspan="4"><div class="stacktrace">java.lang.AssertionError: Add Customer failed
	at com.w2a.testcases.AddCustomerTest.addCustomer(AddCustomerTest.java:52)
... Removed 26 stack frames</div></td></tr></table><p class="totop"><a href="#summary">back to summary</a></p>
<h3 id="m2">com.w2a.testcases.AddCustomerTest#addCustomer</h3><table class="result"><tr class="param"><th>Parameter #1</th><th>Parameter #2</th><th>Parameter #3</th><th>Parameter #4</th></tr><tr class="param stripe"><td>Anjali</td><td>Khurana</td><td>654128.0</td><td>Customer added successfully</td></tr><tr><th colspan="4">Messages</th></tr><tr><td colspan="4"><div class="messages">Capturing Screenshot !!!<br/><a target="_blank" href=Thu_Mar_21_09_46_50_IST_2019.jpg>Screenshot</a><br/><br><br/><a target="_blank" href=Thu_Mar_21_09_46_50_IST_2019.jpg><img src=Thu_Mar_21_09_46_50_IST_2019.jpg height=150 width=100></img></a></div></td></tr><tr><th colspan="4">Exception</th></tr><tr><td colspan="4"><div class="stacktrace">java.lang.AssertionError: Add Customer failed
	at com.w2a.testcases.AddCustomerTest.addCustomer(AddCustomerTest.java:52)
... Removed 26 stack frames</div></td></tr></table><p class="totop"><a href="#summary">back to summary</a></p>
<h3 id="m3">com.w2a.testcases.AddCustomerTest#addCustomer</h3><table class="result"><tr class="param"><th>Parameter #1</th><th>Parameter #2</th><th>Parameter #3</th><th>Parameter #4</th></tr><tr class="param stripe"><td>Rakesh</td><td>Mishra</td><td>761349.0</td><td>Customer added successfully</td></tr><tr><th colspan="4">Messages</th></tr><tr><td colspan="4"><div class="messages">Capturing Screenshot !!!<br/><a target="_blank" href=Thu_Mar_21_09_46_58_IST_2019.jpg>Screenshot</a><br/><br><br/><a target="_blank" href=Thu_Mar_21_09_46_58_IST_2019.jpg><img src=Thu_Mar_21_09_46_58_IST_2019.jpg height=150 width=100></img></a></div></td></tr><tr><th colspan="4">Exception</th></tr><tr><td colspan="4"><div class="stacktrace">java.lang.AssertionError: Add Customer failed
	at com.w2a.testcases.AddCustomerTest.addCustomer(AddCustomerTest.java:52)
... Removed 26 stack frames</div></td></tr></table><p class="totop"><a href="#summary">back to summary</a></p>
<h3 id="m4">com.w2a.testcases.AddCustomerTest#addCustomer</h3><table class="result"><tr class="param"><th>Parameter #1</th><th>Parameter #2</th><th>Parameter #3</th><th>Parameter #4</th></tr><tr class="param stripe"><td>Rohit</td><td>Sardana</td><td>147852.0</td><td>Customer added successfully</td></tr><tr><th colspan="4">Messages</th></tr><tr><td colspan="4"><div class="messages">Capturing Screenshot !!!<br/><a target="_blank" href=Thu_Mar_21_09_46_34_IST_2019.jpg>Screenshot</a><br/><br><br/><a target="_blank" href=Thu_Mar_21_09_46_34_IST_2019.jpg><img src=Thu_Mar_21_09_46_34_IST_2019.jpg height=150 width=100></img></a></div></td></tr><tr><th colspan="4">Exception</th></tr><tr><td colspan="4"><div class="stacktrace">java.lang.AssertionError: Add Customer failed
	at com.w2a.testcases.AddCustomerTest.addCustomer(AddCustomerTest.java:52)
... Removed 26 stack frames</div></td></tr></table><p class="totop"><a href="#summary">back to summary</a></p>
</body>
</html>
